<?xml version="1.0" encoding="UTF-8"?>
<!-- Generated by org.testng.reporters.JUnitReportReporter -->
<testsuite hostname="DESKTOP-M6TBARC" failures="0" tests="3" name="runner.TestRunner" time="13.263" errors="0" timestamp="23 Aug. 2023 00:43:15 GMT" skipped="0">
  <testcase classname="runner.TestRunner" name="features" time="4.384"/>
  <testcase classname="runner.TestRunner" name="features" time="4.472"/>
  <testcase classname="runner.TestRunner" name="features" time="4.407"/>
</testsuite> <!-- runner.TestRunner -->
